2019-01-04 17:32:08 -> 保存评论失败：System.NullReferenceException: 未将对象引用设置到对象的实例。
   在 BaiduMap.Form1.GetComments() 位置 E:\My\BaiduMap\BaiduMap\Form1.cs:行号 401
2019-01-04 17:32:08 -> 保存评论失败：System.NullReferenceException: 未将对象引用设置到对象的实例。
   在 BaiduMap.Form1.GetComments() 位置 E:\My\BaiduMap\BaiduMap\Form1.cs:行号 401
2019-01-04 17:32:08 -> 保存评论失败：System.NullReferenceException: 未将对象引用设置到对象的实例。
   在 BaiduMap.Form1.GetComments() 位置 E:\My\BaiduMap\BaiduMap\Form1.cs:行号 401
2019-01-04 17:32:08 -> 保存评论失败：System.NullReferenceException: 未将对象引用设置到对象的实例。
   在 BaiduMap.Form1.GetComments() 位置 E:\My\BaiduMap\BaiduMap\Form1.cs:行号 401
2019-01-04 17:32:08 -> 保存评论失败：System.NullReferenceException: 未将对象引用设置到对象的实例。
   在 BaiduMap.Form1.GetComments() 位置 E:\My\BaiduMap\BaiduMap\Form1.cs:行号 401
2019-01-04 17:32:08 -> 保存评论失败：System.NullReferenceException: 未将对象引用设置到对象的实例。
   在 BaiduMap.Form1.GetComments() 位置 E:\My\BaiduMap\BaiduMap\Form1.cs:行号 401
2019-01-04 17:32:09 -> 保存评论失败：System.NullReferenceException: 未将对象引用设置到对象的实例。
   在 BaiduMap.Form1.GetComments() 位置 E:\My\BaiduMap\BaiduMap\Form1.cs:行号 401
2019-01-04 17:32:09 -> 保存评论失败：System.NullReferenceException: 未将对象引用设置到对象的实例。
   在 BaiduMap.Form1.GetComments() 位置 E:\My\BaiduMap\BaiduMap\Form1.cs:行号 401
2019-01-04 17:32:09 -> 进入店铺获取用户评论失败：System.NullReferenceException: 未将对象引用设置到对象的实例。
   在 BaiduMap.Form1.GetComments() 位置 E:\My\BaiduMap\BaiduMap\Form1.cs:行号 411
2019-01-04 18:59:39 -> 进入店铺获取用户评论失败：OpenQA.Selenium.StaleElementReferenceException: stale element reference: element is not attached to the page document
  (Session info: chrome=69.0.3497.81)
  (Driver info: chromedriver=2.41.578737 (49da6702b16031c40d63e5618de03a32ff6c197e),platform=Windows NT 10.0.17134 x86_64)
   在 OpenQA.Selenium.Remote.RemoteWebDriver.UnpackAndThrowOnError(Response errorResponse)
   在 OpenQA.Selenium.Remote.RemoteWebDriver.Execute(String driverCommandToExecute, Dictionary`2 parameters)
   在 OpenQA.Selenium.Remote.RemoteWebElement.Execute(String commandToExecute, Dictionary`2 parameters)
   在 OpenQA.Selenium.Remote.RemoteWebElement.GetAttribute(String attributeName)
   在 BaiduMap.Form1.GetComments() 位置 E:\Private\BaiduMap\BaiduMap\Form1.cs:行号 402
2019-01-04 18:59:39 -> 进入店铺获取用户评论失败：OpenQA.Selenium.StaleElementReferenceException: stale element reference: element is not attached to the page document
  (Session info: chrome=69.0.3497.81)
  (Driver info: chromedriver=2.41.578737 (49da6702b16031c40d63e5618de03a32ff6c197e),platform=Windows NT 10.0.17134 x86_64)
   在 OpenQA.Selenium.Remote.RemoteWebDriver.UnpackAndThrowOnError(Response errorResponse)
   在 OpenQA.Selenium.Remote.RemoteWebDriver.Execute(String driverCommandToExecute, Dictionary`2 parameters)
   在 OpenQA.Selenium.Remote.RemoteWebElement.Execute(String commandToExecute, Dictionary`2 parameters)
   在 OpenQA.Selenium.Remote.RemoteWebElement.GetAttribute(String attributeName)
   在 BaiduMap.Form1.GetComments() 位置 E:\Private\BaiduMap\BaiduMap\Form1.cs:行号 402
2019-01-04 18:59:39 -> 进入店铺获取用户评论失败：OpenQA.Selenium.StaleElementReferenceException: stale element reference: element is not attached to the page document
  (Session info: chrome=69.0.3497.81)
  (Driver info: chromedriver=2.41.578737 (49da6702b16031c40d63e5618de03a32ff6c197e),platform=Windows NT 10.0.17134 x86_64)
   在 OpenQA.Selenium.Remote.RemoteWebDriver.UnpackAndThrowOnError(Response errorResponse)
   在 OpenQA.Selenium.Remote.RemoteWebDriver.Execute(String driverCommandToExecute, Dictionary`2 parameters)
   在 OpenQA.Selenium.Remote.RemoteWebElement.Execute(String commandToExecute, Dictionary`2 parameters)
   在 OpenQA.Selenium.Remote.RemoteWebElement.GetAttribute(String attributeName)
   在 BaiduMap.Form1.GetComments() 位置 E:\Private\BaiduMap\BaiduMap\Form1.cs:行号 402
2019-01-04 18:59:39 -> 进入店铺获取用户评论失败：OpenQA.Selenium.StaleElementReferenceException: stale element reference: element is not attached to the page document
  (Session info: chrome=69.0.3497.81)
  (Driver info: chromedriver=2.41.578737 (49da6702b16031c40d63e5618de03a32ff6c197e),platform=Windows NT 10.0.17134 x86_64)
   在 OpenQA.Selenium.Remote.RemoteWebDriver.UnpackAndThrowOnError(Response errorResponse)
   在 OpenQA.Selenium.Remote.RemoteWebDriver.Execute(String driverCommandToExecute, Dictionary`2 parameters)
   在 OpenQA.Selenium.Remote.RemoteWebElement.Execute(String commandToExecute, Dictionary`2 parameters)
   在 OpenQA.Selenium.Remote.RemoteWebElement.GetAttribute(String attributeName)
   在 BaiduMap.Form1.GetComments() 位置 E:\Private\BaiduMap\BaiduMap\Form1.cs:行号 402
2019-01-04 18:59:39 -> 进入店铺获取用户评论失败：OpenQA.Selenium.StaleElementReferenceException: stale element reference: element is not attached to the page document
  (Session info: chrome=69.0.3497.81)
  (Driver info: chromedriver=2.41.578737 (49da6702b16031c40d63e5618de03a32ff6c197e),platform=Windows NT 10.0.17134 x86_64)
   在 OpenQA.Selenium.Remote.RemoteWebDriver.UnpackAndThrowOnError(Response errorResponse)
   在 OpenQA.Selenium.Remote.RemoteWebDriver.Execute(String driverCommandToExecute, Dictionary`2 parameters)
   在 OpenQA.Selenium.Remote.RemoteWebElement.Execute(String commandToExecute, Dictionary`2 parameters)
   在 OpenQA.Selenium.Remote.RemoteWebElement.GetAttribute(String attributeName)
   在 BaiduMap.Form1.GetComments() 位置 E:\Private\BaiduMap\BaiduMap\Form1.cs:行号 402
2019-01-04 18:59:39 -> 进入店铺获取用户评论失败：OpenQA.Selenium.StaleElementReferenceException: stale element reference: element is not attached to the page document
  (Session info: chrome=69.0.3497.81)
  (Driver info: chromedriver=2.41.578737 (49da6702b16031c40d63e5618de03a32ff6c197e),platform=Windows NT 10.0.17134 x86_64)
   在 OpenQA.Selenium.Remote.RemoteWebDriver.UnpackAndThrowOnError(Response errorResponse)
   在 OpenQA.Selenium.Remote.RemoteWebDriver.Execute(String driverCommandToExecute, Dictionary`2 parameters)
   在 OpenQA.Selenium.Remote.RemoteWebElement.Execute(String commandToExecute, Dictionary`2 parameters)
   在 OpenQA.Selenium.Remote.RemoteWebElement.GetAttribute(String attributeName)
   在 BaiduMap.Form1.GetComments() 位置 E:\Private\BaiduMap\BaiduMap\Form1.cs:行号 402
2019-01-04 18:59:39 -> 进入店铺获取用户评论失败：OpenQA.Selenium.StaleElementReferenceException: stale element reference: element is not attached to the page document
  (Session info: chrome=69.0.3497.81)
  (Driver info: chromedriver=2.41.578737 (49da6702b16031c40d63e5618de03a32ff6c197e),platform=Windows NT 10.0.17134 x86_64)
   在 OpenQA.Selenium.Remote.RemoteWebDriver.UnpackAndThrowOnError(Response errorResponse)
   在 OpenQA.Selenium.Remote.RemoteWebDriver.Execute(String driverCommandToExecute, Dictionary`2 parameters)
   在 OpenQA.Selenium.Remote.RemoteWebElement.Execute(String commandToExecute, Dictionary`2 parameters)
   在 OpenQA.Selenium.Remote.RemoteWebElement.GetAttribute(String attributeName)
   在 BaiduMap.Form1.GetComments() 位置 E:\Private\BaiduMap\BaiduMap\Form1.cs:行号 402
2019-01-04 18:59:39 -> 进入店铺获取用户评论失败：OpenQA.Selenium.StaleElementReferenceException: stale element reference: element is not attached to the page document
  (Session info: chrome=69.0.3497.81)
  (Driver info: chromedriver=2.41.578737 (49da6702b16031c40d63e5618de03a32ff6c197e),platform=Windows NT 10.0.17134 x86_64)
   在 OpenQA.Selenium.Remote.RemoteWebDriver.UnpackAndThrowOnError(Response errorResponse)
   在 OpenQA.Selenium.Remote.RemoteWebDriver.Execute(String driverCommandToExecute, Dictionary`2 parameters)
   在 OpenQA.Selenium.Remote.RemoteWebElement.Execute(String commandToExecute, Dictionary`2 parameters)
   在 OpenQA.Selenium.Remote.RemoteWebElement.GetAttribute(String attributeName)
   在 BaiduMap.Form1.GetComments() 位置 E:\Private\BaiduMap\BaiduMap\Form1.cs:行号 402
2019-01-04 18:59:39 -> 进入店铺获取用户评论失败：OpenQA.Selenium.StaleElementReferenceException: stale element reference: element is not attached to the page document
  (Session info: chrome=69.0.3497.81)
  (Driver info: chromedriver=2.41.578737 (49da6702b16031c40d63e5618de03a32ff6c197e),platform=Windows NT 10.0.17134 x86_64)
   在 OpenQA.Selenium.Remote.RemoteWebDriver.UnpackAndThrowOnError(Response errorResponse)
   在 OpenQA.Selenium.Remote.RemoteWebDriver.Execute(String driverCommandToExecute, Dictionary`2 parameters)
   在 OpenQA.Selenium.Remote.RemoteWebElement.Execute(String commandToExecute, Dictionary`2 parameters)
   在 OpenQA.Selenium.Remote.RemoteWebElement.GetAttribute(String attributeName)
   在 BaiduMap.Form1.GetComments() 位置 E:\Private\BaiduMap\BaiduMap\Form1.cs:行号 402
2019-01-04 18:59:39 -> 进入店铺获取用户评论失败：OpenQA.Selenium.StaleElementReferenceException: stale element reference: element is not attached to the page document
  (Session info: chrome=69.0.3497.81)
  (Driver info: chromedriver=2.41.578737 (49da6702b16031c40d63e5618de03a32ff6c197e),platform=Windows NT 10.0.17134 x86_64)
   在 OpenQA.Selenium.Remote.RemoteWebDriver.UnpackAndThrowOnError(Response errorResponse)
   在 OpenQA.Selenium.Remote.RemoteWebDriver.Execute(String driverCommandToExecute, Dictionary`2 parameters)
   在 OpenQA.Selenium.Remote.RemoteWebElement.Execute(String commandToExecute, Dictionary`2 parameters)
   在 OpenQA.Selenium.Remote.RemoteWebElement.GetAttribute(String attributeName)
   在 BaiduMap.Form1.GetComments() 位置 E:\Private\BaiduMap\BaiduMap\Form1.cs:行号 402
2019-01-04 18:59:39 -> 进入店铺获取用户评论失败：OpenQA.Selenium.StaleElementReferenceException: stale element reference: element is not attached to the page document
  (Session info: chrome=69.0.3497.81)
  (Driver info: chromedriver=2.41.578737 (49da6702b16031c40d63e5618de03a32ff6c197e),platform=Windows NT 10.0.17134 x86_64)
   在 OpenQA.Selenium.Remote.RemoteWebDriver.UnpackAndThrowOnError(Response errorResponse)
   在 OpenQA.Selenium.Remote.RemoteWebDriver.Execute(String driverCommandToExecute, Dictionary`2 parameters)
   在 OpenQA.Selenium.Remote.RemoteWebElement.Execute(String commandToExecute, Dictionary`2 parameters)
   在 OpenQA.Selenium.Remote.RemoteWebElement.GetAttribute(String attributeName)
   在 BaiduMap.Form1.GetComments() 位置 E:\Private\BaiduMap\BaiduMap\Form1.cs:行号 402
2019-01-04 18:59:39 -> 进入店铺获取用户评论失败：OpenQA.Selenium.StaleElementReferenceException: stale element reference: element is not attached to the page document
  (Session info: chrome=69.0.3497.81)
  (Driver info: chromedriver=2.41.578737 (49da6702b16031c40d63e5618de03a32ff6c197e),platform=Windows NT 10.0.17134 x86_64)
   在 OpenQA.Selenium.Remote.RemoteWebDriver.UnpackAndThrowOnError(Response errorResponse)
   在 OpenQA.Selenium.Remote.RemoteWebDriver.Execute(String driverCommandToExecute, Dictionary`2 parameters)
   在 OpenQA.Selenium.Remote.RemoteWebElement.Execute(String commandToExecute, Dictionary`2 parameters)
   在 OpenQA.Selenium.Remote.RemoteWebElement.GetAttribute(String attributeName)
   在 BaiduMap.Form1.GetComments() 位置 E:\Private\BaiduMap\BaiduMap\Form1.cs:行号 402
2019-01-04 18:59:39 -> 进入店铺获取用户评论失败：OpenQA.Selenium.StaleElementReferenceException: stale element reference: element is not attached to the page document
  (Session info: chrome=69.0.3497.81)
  (Driver info: chromedriver=2.41.578737 (49da6702b16031c40d63e5618de03a32ff6c197e),platform=Windows NT 10.0.17134 x86_64)
   在 OpenQA.Selenium.Remote.RemoteWebDriver.UnpackAndThrowOnError(Response errorResponse)
   在 OpenQA.Selenium.Remote.RemoteWebDriver.Execute(String driverCommandToExecute, Dictionary`2 parameters)
   在 OpenQA.Selenium.Remote.RemoteWebElement.Execute(String commandToExecute, Dictionary`2 parameters)
   在 OpenQA.Selenium.Remote.RemoteWebElement.GetAttribute(String attributeName)
   在 BaiduMap.Form1.GetComments() 位置 E:\Private\BaiduMap\BaiduMap\Form1.cs:行号 402
2019-01-04 18:59:39 -> 进入店铺获取用户评论失败：OpenQA.Selenium.StaleElementReferenceException: stale element reference: element is not attached to the page document
  (Session info: chrome=69.0.3497.81)
  (Driver info: chromedriver=2.41.578737 (49da6702b16031c40d63e5618de03a32ff6c197e),platform=Windows NT 10.0.17134 x86_64)
   在 OpenQA.Selenium.Remote.RemoteWebDriver.UnpackAndThrowOnError(Response errorResponse)
   在 OpenQA.Selenium.Remote.RemoteWebDriver.Execute(String driverCommandToExecute, Dictionary`2 parameters)
   在 OpenQA.Selenium.Remote.RemoteWebElement.Execute(String commandToExecute, Dictionary`2 parameters)
   在 OpenQA.Selenium.Remote.RemoteWebElement.GetAttribute(String attributeName)
   在 BaiduMap.Form1.GetComments() 位置 E:\Private\BaiduMap\BaiduMap\Form1.cs:行号 402
2019-01-04 18:59:39 -> 进入店铺获取用户评论失败：OpenQA.Selenium.StaleElementReferenceException: stale element reference: element is not attached to the page document
  (Session info: chrome=69.0.3497.81)
  (Driver info: chromedriver=2.41.578737 (49da6702b16031c40d63e5618de03a32ff6c197e),platform=Windows NT 10.0.17134 x86_64)
   在 OpenQA.Selenium.Remote.RemoteWebDriver.UnpackAndThrowOnError(Response errorResponse)
   在 OpenQA.Selenium.Remote.RemoteWebDriver.Execute(String driverCommandToExecute, Dictionary`2 parameters)
   在 OpenQA.Selenium.Remote.RemoteWebElement.Execute(String commandToExecute, Dictionary`2 parameters)
   在 OpenQA.Selenium.Remote.RemoteWebElement.GetAttribute(String attributeName)
   在 BaiduMap.Form1.GetComments() 位置 E:\Private\BaiduMap\BaiduMap\Form1.cs:行号 402
2019-01-04 18:59:39 -> 进入店铺获取用户评论失败：OpenQA.Selenium.StaleElementReferenceException: stale element reference: element is not attached to the page document
  (Session info: chrome=69.0.3497.81)
  (Driver info: chromedriver=2.41.578737 (49da6702b16031c40d63e5618de03a32ff6c197e),platform=Windows NT 10.0.17134 x86_64)
   在 OpenQA.Selenium.Remote.RemoteWebDriver.UnpackAndThrowOnError(Response errorResponse)
   在 OpenQA.Selenium.Remote.RemoteWebDriver.Execute(String driverCommandToExecute, Dictionary`2 parameters)
   在 OpenQA.Selenium.Remote.RemoteWebElement.Execute(String commandToExecute, Dictionary`2 parameters)
   在 OpenQA.Selenium.Remote.RemoteWebElement.GetAttribute(String attributeName)
   在 BaiduMap.Form1.GetComments() 位置 E:\Private\BaiduMap\BaiduMap\Form1.cs:行号 402
2019-01-04 18:59:39 -> 进入店铺获取用户评论失败：OpenQA.Selenium.StaleElementReferenceException: stale element reference: element is not attached to the page document
  (Session info: chrome=69.0.3497.81)
  (Driver info: chromedriver=2.41.578737 (49da6702b16031c40d63e5618de03a32ff6c197e),platform=Windows NT 10.0.17134 x86_64)
   在 OpenQA.Selenium.Remote.RemoteWebDriver.UnpackAndThrowOnError(Response errorResponse)
   在 OpenQA.Selenium.Remote.RemoteWebDriver.Execute(String driverCommandToExecute, Dictionary`2 parameters)
   在 OpenQA.Selenium.Remote.RemoteWebElement.Execute(String commandToExecute, Dictionary`2 parameters)
   在 OpenQA.Selenium.Remote.RemoteWebElement.GetAttribute(String attributeName)
   在 BaiduMap.Form1.GetComments() 位置 E:\Private\BaiduMap\BaiduMap\Form1.cs:行号 402
2019-01-04 18:59:39 -> 进入店铺获取用户评论失败：OpenQA.Selenium.StaleElementReferenceException: stale element reference: element is not attached to the page document
  (Session info: chrome=69.0.3497.81)
  (Driver info: chromedriver=2.41.578737 (49da6702b16031c40d63e5618de03a32ff6c197e),platform=Windows NT 10.0.17134 x86_64)
   在 OpenQA.Selenium.Remote.RemoteWebDriver.UnpackAndThrowOnError(Response errorResponse)
   在 OpenQA.Selenium.Remote.RemoteWebDriver.Execute(String driverCommandToExecute, Dictionary`2 parameters)
   在 OpenQA.Selenium.Remote.RemoteWebElement.Execute(String commandToExecute, Dictionary`2 parameters)
   在 OpenQA.Selenium.Remote.RemoteWebElement.GetAttribute(String attributeName)
   在 BaiduMap.Form1.GetComments() 位置 E:\Private\BaiduMap\BaiduMap\Form1.cs:行号 402
2019-01-04 18:59:39 -> 进入店铺获取用户评论失败：OpenQA.Selenium.StaleElementReferenceException: stale element reference: element is not attached to the page document
  (Session info: chrome=69.0.3497.81)
  (Driver info: chromedriver=2.41.578737 (49da6702b16031c40d63e5618de03a32ff6c197e),platform=Windows NT 10.0.17134 x86_64)
   在 OpenQA.Selenium.Remote.RemoteWebDriver.UnpackAndThrowOnError(Response errorResponse)
   在 OpenQA.Selenium.Remote.RemoteWebDriver.Execute(String driverCommandToExecute, Dictionary`2 parameters)
   在 OpenQA.Selenium.Remote.RemoteWebElement.Execute(String commandToExecute, Dictionary`2 parameters)
   在 OpenQA.Selenium.Remote.RemoteWebElement.GetAttribute(String attributeName)
   在 BaiduMap.Form1.GetComments() 位置 E:\Private\BaiduMap\BaiduMap\Form1.cs:行号 402
2019-01-04 18:59:39 -> 进入店铺获取用户评论失败：OpenQA.Selenium.StaleElementReferenceException: stale element reference: element is not attached to the page document
  (Session info: chrome=69.0.3497.81)
  (Driver info: chromedriver=2.41.578737 (49da6702b16031c40d63e5618de03a32ff6c197e),platform=Windows NT 10.0.17134 x86_64)
   在 OpenQA.Selenium.Remote.RemoteWebDriver.UnpackAndThrowOnError(Response errorResponse)
   在 OpenQA.Selenium.Remote.RemoteWebDriver.Execute(String driverCommandToExecute, Dictionary`2 parameters)
   在 OpenQA.Selenium.Remote.RemoteWebElement.Execute(String commandToExecute, Dictionary`2 parameters)
   在 OpenQA.Selenium.Remote.RemoteWebElement.GetAttribute(String attributeName)
   在 BaiduMap.Form1.GetComments() 位置 E:\Private\BaiduMap\BaiduMap\Form1.cs:行号 402
2019-01-04 18:59:39 -> 进入店铺获取用户评论失败：OpenQA.Selenium.StaleElementReferenceException: stale element reference: element is not attached to the page document
  (Session info: chrome=69.0.3497.81)
  (Driver info: chromedriver=2.41.578737 (49da6702b16031c40d63e5618de03a32ff6c197e),platform=Windows NT 10.0.17134 x86_64)
   在 OpenQA.Selenium.Remote.RemoteWebDriver.UnpackAndThrowOnError(Response errorResponse)
   在 OpenQA.Selenium.Remote.RemoteWebDriver.Execute(String driverCommandToExecute, Dictionary`2 parameters)
   在 OpenQA.Selenium.Remote.RemoteWebElement.Execute(String commandToExecute, Dictionary`2 parameters)
   在 OpenQA.Selenium.Remote.RemoteWebElement.GetAttribute(String attributeName)
   在 BaiduMap.Form1.GetComments() 位置 E:\Private\BaiduMap\BaiduMap\Form1.cs:行号 402
2019-01-04 18:59:39 -> 进入店铺获取用户评论失败：OpenQA.Selenium.StaleElementReferenceException: stale element reference: element is not attached to the page document
  (Session info: chrome=69.0.3497.81)
  (Driver info: chromedriver=2.41.578737 (49da6702b16031c40d63e5618de03a32ff6c197e),platform=Windows NT 10.0.17134 x86_64)
   在 OpenQA.Selenium.Remote.RemoteWebDriver.UnpackAndThrowOnError(Response errorResponse)
   在 OpenQA.Selenium.Remote.RemoteWebDriver.Execute(String driverCommandToExecute, Dictionary`2 parameters)
   在 OpenQA.Selenium.Remote.RemoteWebElement.Execute(String commandToExecute, Dictionary`2 parameters)
   在 OpenQA.Selenium.Remote.RemoteWebElement.GetAttribute(String attributeName)
   在 BaiduMap.Form1.GetComments() 位置 E:\Private\BaiduMap\BaiduMap\Form1.cs:行号 402
2019-01-04 18:59:40 -> 进入店铺获取用户评论失败：OpenQA.Selenium.StaleElementReferenceException: stale element reference: element is not attached to the page document
  (Session info: chrome=69.0.3497.81)
  (Driver info: chromedriver=2.41.578737 (49da6702b16031c40d63e5618de03a32ff6c197e),platform=Windows NT 10.0.17134 x86_64)
   在 OpenQA.Selenium.Remote.RemoteWebDriver.UnpackAndThrowOnError(Response errorResponse)
   在 OpenQA.Selenium.Remote.RemoteWebDriver.Execute(String driverCommandToExecute, Dictionary`2 parameters)
   在 OpenQA.Selenium.Remote.RemoteWebElement.Execute(String commandToExecute, Dictionary`2 parameters)
   在 OpenQA.Selenium.Remote.RemoteWebElement.GetAttribute(String attributeName)
   在 BaiduMap.Form1.GetComments() 位置 E:\Private\BaiduMap\BaiduMap\Form1.cs:行号 402
2019-01-04 18:59:40 -> 进入店铺获取用户评论失败：OpenQA.Selenium.StaleElementReferenceException: stale element reference: element is not attached to the page document
  (Session info: chrome=69.0.3497.81)
  (Driver info: chromedriver=2.41.578737 (49da6702b16031c40d63e5618de03a32ff6c197e),platform=Windows NT 10.0.17134 x86_64)
   在 OpenQA.Selenium.Remote.RemoteWebDriver.UnpackAndThrowOnError(Response errorResponse)
   在 OpenQA.Selenium.Remote.RemoteWebDriver.Execute(String driverCommandToExecute, Dictionary`2 parameters)
   在 OpenQA.Selenium.Remote.RemoteWebElement.Execute(String commandToExecute, Dictionary`2 parameters)
   在 OpenQA.Selenium.Remote.RemoteWebElement.GetAttribute(String attributeName)
   在 BaiduMap.Form1.GetComments() 位置 E:\Private\BaiduMap\BaiduMap\Form1.cs:行号 402
2019-01-04 18:59:40 -> 进入店铺获取用户评论失败：OpenQA.Selenium.StaleElementReferenceException: stale element reference: element is not attached to the page document
  (Session info: chrome=69.0.3497.81)
  (Driver info: chromedriver=2.41.578737 (49da6702b16031c40d63e5618de03a32ff6c197e),platform=Windows NT 10.0.17134 x86_64)
   在 OpenQA.Selenium.Remote.RemoteWebDriver.UnpackAndThrowOnError(Response errorResponse)
   在 OpenQA.Selenium.Remote.RemoteWebDriver.Execute(String driverCommandToExecute, Dictionary`2 parameters)
   在 OpenQA.Selenium.Remote.RemoteWebElement.Execute(String commandToExecute, Dictionary`2 parameters)
   在 OpenQA.Selenium.Remote.RemoteWebElement.GetAttribute(String attributeName)
   在 BaiduMap.Form1.GetComments() 位置 E:\Private\BaiduMap\BaiduMap\Form1.cs:行号 402
2019-01-04 18:59:40 -> 进入店铺获取用户评论失败：OpenQA.Selenium.StaleElementReferenceException: stale element reference: element is not attached to the page document
  (Session info: chrome=69.0.3497.81)
  (Driver info: chromedriver=2.41.578737 (49da6702b16031c40d63e5618de03a32ff6c197e),platform=Windows NT 10.0.17134 x86_64)
   在 OpenQA.Selenium.Remote.RemoteWebDriver.UnpackAndThrowOnError(Response errorResponse)
   在 OpenQA.Selenium.Remote.RemoteWebDriver.Execute(String driverCommandToExecute, Dictionary`2 parameters)
   在 OpenQA.Selenium.Remote.RemoteWebElement.Execute(String commandToExecute, Dictionary`2 parameters)
   在 OpenQA.Selenium.Remote.RemoteWebElement.GetAttribute(String attributeName)
   在 BaiduMap.Form1.GetComments() 位置 E:\Private\BaiduMap\BaiduMap\Form1.cs:行号 402
2019-01-04 18:59:40 -> 进入店铺获取用户评论失败：OpenQA.Selenium.StaleElementReferenceException: stale element reference: element is not attached to the page document
  (Session info: chrome=69.0.3497.81)
  (Driver info: chromedriver=2.41.578737 (49da6702b16031c40d63e5618de03a32ff6c197e),platform=Windows NT 10.0.17134 x86_64)
   在 OpenQA.Selenium.Remote.RemoteWebDriver.UnpackAndThrowOnError(Response errorResponse)
   在 OpenQA.Selenium.Remote.RemoteWebDriver.Execute(String driverCommandToExecute, Dictionary`2 parameters)
   在 OpenQA.Selenium.Remote.RemoteWebElement.Execute(String commandToExecute, Dictionary`2 parameters)
   在 OpenQA.Selenium.Remote.RemoteWebElement.GetAttribute(String attributeName)
   在 BaiduMap.Form1.GetComments() 位置 E:\Private\BaiduMap\BaiduMap\Form1.cs:行号 402
2019-01-04 18:59:40 -> 进入店铺获取用户评论失败：OpenQA.Selenium.StaleElementReferenceException: stale element reference: element is not attached to the page document
  (Session info: chrome=69.0.3497.81)
  (Driver info: chromedriver=2.41.578737 (49da6702b16031c40d63e5618de03a32ff6c197e),platform=Windows NT 10.0.17134 x86_64)
   在 OpenQA.Selenium.Remote.RemoteWebDriver.UnpackAndThrowOnError(Response errorResponse)
   在 OpenQA.Selenium.Remote.RemoteWebDriver.Execute(String driverCommandToExecute, Dictionary`2 parameters)
   在 OpenQA.Selenium.Remote.RemoteWebElement.Execute(String commandToExecute, Dictionary`2 parameters)
   在 OpenQA.Selenium.Remote.RemoteWebElement.GetAttribute(String attributeName)
   在 BaiduMap.Form1.GetComments() 位置 E:\Private\BaiduMap\BaiduMap\Form1.cs:行号 402
2019-01-04 18:59:40 -> 进入店铺获取用户评论失败：OpenQA.Selenium.StaleElementReferenceException: stale element reference: element is not attached to the page document
  (Session info: chrome=69.0.3497.81)
  (Driver info: chromedriver=2.41.578737 (49da6702b16031c40d63e5618de03a32ff6c197e),platform=Windows NT 10.0.17134 x86_64)
   在 OpenQA.Selenium.Remote.RemoteWebDriver.UnpackAndThrowOnError(Response errorResponse)
   在 OpenQA.Selenium.Remote.RemoteWebDriver.Execute(String driverCommandToExecute, Dictionary`2 parameters)
   在 OpenQA.Selenium.Remote.RemoteWebElement.Execute(String commandToExecute, Dictionary`2 parameters)
   在 OpenQA.Selenium.Remote.RemoteWebElement.GetAttribute(String attributeName)
   在 BaiduMap.Form1.GetComments() 位置 E:\Private\BaiduMap\BaiduMap\Form1.cs:行号 402
2019-01-04 18:59:40 -> 进入店铺获取用户评论失败：OpenQA.Selenium.StaleElementReferenceException: stale element reference: element is not attached to the page document
  (Session info: chrome=69.0.3497.81)
  (Driver info: chromedriver=2.41.578737 (49da6702b16031c40d63e5618de03a32ff6c197e),platform=Windows NT 10.0.17134 x86_64)
   在 OpenQA.Selenium.Remote.RemoteWebDriver.UnpackAndThrowOnError(Response errorResponse)
   在 OpenQA.Selenium.Remote.RemoteWebDriver.Execute(String driverCommandToExecute, Dictionary`2 parameters)
   在 OpenQA.Selenium.Remote.RemoteWebElement.Execute(String commandToExecute, Dictionary`2 parameters)
   在 OpenQA.Selenium.Remote.RemoteWebElement.GetAttribute(String attributeName)
   在 BaiduMap.Form1.GetComments() 位置 E:\Private\BaiduMap\BaiduMap\Form1.cs:行号 402
2019-01-04 18:59:40 -> 进入店铺获取用户评论失败：OpenQA.Selenium.StaleElementReferenceException: stale element reference: element is not attached to the page document
  (Session info: chrome=69.0.3497.81)
  (Driver info: chromedriver=2.41.578737 (49da6702b16031c40d63e5618de03a32ff6c197e),platform=Windows NT 10.0.17134 x86_64)
   在 OpenQA.Selenium.Remote.RemoteWebDriver.UnpackAndThrowOnError(Response errorResponse)
   在 OpenQA.Selenium.Remote.RemoteWebDriver.Execute(String driverCommandToExecute, Dictionary`2 parameters)
   在 OpenQA.Selenium.Remote.RemoteWebElement.Execute(String commandToExecute, Dictionary`2 parameters)
   在 OpenQA.Selenium.Remote.RemoteWebElement.GetAttribute(String attributeName)
   在 BaiduMap.Form1.GetComments() 位置 E:\Private\BaiduMap\BaiduMap\Form1.cs:行号 402
2019-01-04 19:17:16 -> 进入店铺获取用户评论失败：OpenQA.Selenium.WebDriverException: unknown error: Element <a data-v-1bf6d1bd="" class="right-arrow iconfont icon-btn_right">...</a> is not clickable at point (739, 647). Other element would receive the click: <div class="wrap-box" style="width: 100%; background-color: rgba(0, 0, 0, 0.5); position: fixed; top: 0px; z-index: 1000000; height: 667px;">...</div>
  (Session info: chrome=69.0.3497.81)
  (Driver info: chromedriver=2.41.578737 (49da6702b16031c40d63e5618de03a32ff6c197e),platform=Windows NT 10.0.17134 x86_64)
   在 OpenQA.Selenium.Remote.RemoteWebDriver.UnpackAndThrowOnError(Response errorResponse)
   在 OpenQA.Selenium.Remote.RemoteWebDriver.Execute(String driverCommandToExecute, Dictionary`2 parameters)
   在 OpenQA.Selenium.Remote.RemoteWebElement.Execute(String commandToExecute, Dictionary`2 parameters)
   在 BaiduMap.Form1.GetComments() 位置 E:\Private\BaiduMap\BaiduMap\Form1.cs:行号 444
2019-01-04 19:17:29 -> 进入店铺获取用户评论失败：OpenQA.Selenium.StaleElementReferenceException: stale element reference: element is not attached to the page document
  (Session info: chrome=69.0.3497.81)
  (Driver info: chromedriver=2.41.578737 (49da6702b16031c40d63e5618de03a32ff6c197e),platform=Windows NT 10.0.17134 x86_64)
   在 OpenQA.Selenium.Remote.RemoteWebDriver.UnpackAndThrowOnError(Response errorResponse)
   在 OpenQA.Selenium.Remote.RemoteWebDriver.Execute(String driverCommandToExecute, Dictionary`2 parameters)
   在 OpenQA.Selenium.Remote.RemoteWebElement.Execute(String commandToExecute, Dictionary`2 parameters)
   在 OpenQA.Selenium.Remote.RemoteWebElement.GetAttribute(String attributeName)
   在 BaiduMap.Form1.GetComments() 位置 E:\Private\BaiduMap\BaiduMap\Form1.cs:行号 409
2019-01-04 19:17:29 -> 进入店铺获取用户评论失败：OpenQA.Selenium.StaleElementReferenceException: stale element reference: element is not attached to the page document
  (Session info: chrome=69.0.3497.81)
  (Driver info: chromedriver=2.41.578737 (49da6702b16031c40d63e5618de03a32ff6c197e),platform=Windows NT 10.0.17134 x86_64)
   在 OpenQA.Selenium.Remote.RemoteWebDriver.UnpackAndThrowOnError(Response errorResponse)
   在 OpenQA.Selenium.Remote.RemoteWebDriver.Execute(String driverCommandToExecute, Dictionary`2 parameters)
   在 OpenQA.Selenium.Remote.RemoteWebElement.Execute(String commandToExecute, Dictionary`2 parameters)
   在 OpenQA.Selenium.Remote.RemoteWebElement.GetAttribute(String attributeName)
   在 BaiduMap.Form1.GetComments() 位置 E:\Private\BaiduMap\BaiduMap\Form1.cs:行号 409
2019-01-04 19:17:29 -> 进入店铺获取用户评论失败：OpenQA.Selenium.StaleElementReferenceException: stale element reference: element is not attached to the page document
  (Session info: chrome=69.0.3497.81)
  (Driver info: chromedriver=2.41.578737 (49da6702b16031c40d63e5618de03a32ff6c197e),platform=Windows NT 10.0.17134 x86_64)
   在 OpenQA.Selenium.Remote.RemoteWebDriver.UnpackAndThrowOnError(Response errorResponse)
   在 OpenQA.Selenium.Remote.RemoteWebDriver.Execute(String driverCommandToExecute, Dictionary`2 parameters)
   在 OpenQA.Selenium.Remote.RemoteWebElement.Execute(String commandToExecute, Dictionary`2 parameters)
   在 OpenQA.Selenium.Remote.RemoteWebElement.GetAttribute(String attributeName)
   在 BaiduMap.Form1.GetComments() 位置 E:\Private\BaiduMap\BaiduMap\Form1.cs:行号 409
2019-01-04 19:17:29 -> 进入店铺获取用户评论失败：OpenQA.Selenium.StaleElementReferenceException: stale element reference: element is not attached to the page document
  (Session info: chrome=69.0.3497.81)
  (Driver info: chromedriver=2.41.578737 (49da6702b16031c40d63e5618de03a32ff6c197e),platform=Windows NT 10.0.17134 x86_64)
   在 OpenQA.Selenium.Remote.RemoteWebDriver.UnpackAndThrowOnError(Response errorResponse)
   在 OpenQA.Selenium.Remote.RemoteWebDriver.Execute(String driverCommandToExecute, Dictionary`2 parameters)
   在 OpenQA.Selenium.Remote.RemoteWebElement.Execute(String commandToExecute, Dictionary`2 parameters)
   在 OpenQA.Selenium.Remote.RemoteWebElement.GetAttribute(String attributeName)
   在 BaiduMap.Form1.GetComments() 位置 E:\Private\BaiduMap\BaiduMap\Form1.cs:行号 409
2019-01-04 19:17:29 -> 进入店铺获取用户评论失败：OpenQA.Selenium.StaleElementReferenceException: stale element reference: element is not attached to the page document
  (Session info: chrome=69.0.3497.81)
  (Driver info: chromedriver=2.41.578737 (49da6702b16031c40d63e5618de03a32ff6c197e),platform=Windows NT 10.0.17134 x86_64)
   在 OpenQA.Selenium.Remote.RemoteWebDriver.UnpackAndThrowOnError(Response errorResponse)
   在 OpenQA.Selenium.Remote.RemoteWebDriver.Execute(String driverCommandToExecute, Dictionary`2 parameters)
   在 OpenQA.Selenium.Remote.RemoteWebElement.Execute(String commandToExecute, Dictionary`2 parameters)
   在 OpenQA.Selenium.Remote.RemoteWebElement.GetAttribute(String attributeName)
   在 BaiduMap.Form1.GetComments() 位置 E:\Private\BaiduMap\BaiduMap\Form1.cs:行号 409
2019-01-04 19:17:29 -> 进入店铺获取用户评论失败：OpenQA.Selenium.StaleElementReferenceException: stale element reference: element is not attached to the page document
  (Session info: chrome=69.0.3497.81)
  (Driver info: chromedriver=2.41.578737 (49da6702b16031c40d63e5618de03a32ff6c197e),platform=Windows NT 10.0.17134 x86_64)
   在 OpenQA.Selenium.Remote.RemoteWebDriver.UnpackAndThrowOnError(Response errorResponse)
   在 OpenQA.Selenium.Remote.RemoteWebDriver.Execute(String driverCommandToExecute, Dictionary`2 parameters)
   在 OpenQA.Selenium.Remote.RemoteWebElement.Execute(String commandToExecute, Dictionary`2 parameters)
   在 OpenQA.Selenium.Remote.RemoteWebElement.GetAttribute(String attributeName)
   在 BaiduMap.Form1.GetComments() 位置 E:\Private\BaiduMap\BaiduMap\Form1.cs:行号 409
2019-01-04 19:17:29 -> 进入店铺获取用户评论失败：OpenQA.Selenium.StaleElementReferenceException: stale element reference: element is not attached to the page document
  (Session info: chrome=69.0.3497.81)
  (Driver info: chromedriver=2.41.578737 (49da6702b16031c40d63e5618de03a32ff6c197e),platform=Windows NT 10.0.17134 x86_64)
   在 OpenQA.Selenium.Remote.RemoteWebDriver.UnpackAndThrowOnError(Response errorResponse)
   在 OpenQA.Selenium.Remote.RemoteWebDriver.Execute(String driverCommandToExecute, Dictionary`2 parameters)
   在 OpenQA.Selenium.Remote.RemoteWebElement.Execute(String commandToExecute, Dictionary`2 parameters)
   在 OpenQA.Selenium.Remote.RemoteWebElement.GetAttribute(String attributeName)
   在 BaiduMap.Form1.GetComments() 位置 E:\Private\BaiduMap\BaiduMap\Form1.cs:行号 409
2019-01-04 19:17:29 -> 进入店铺获取用户评论失败：OpenQA.Selenium.StaleElementReferenceException: stale element reference: element is not attached to the page document
  (Session info: chrome=69.0.3497.81)
  (Driver info: chromedriver=2.41.578737 (49da6702b16031c40d63e5618de03a32ff6c197e),platform=Windows NT 10.0.17134 x86_64)
   在 OpenQA.Selenium.Remote.RemoteWebDriver.UnpackAndThrowOnError(Response errorResponse)
   在 OpenQA.Selenium.Remote.RemoteWebDriver.Execute(String driverCommandToExecute, Dictionary`2 parameters)
   在 OpenQA.Selenium.Remote.RemoteWebElement.Execute(String commandToExecute, Dictionary`2 parameters)
   在 OpenQA.Selenium.Remote.RemoteWebElement.GetAttribute(String attributeName)
   在 BaiduMap.Form1.GetComments() 位置 E:\Private\BaiduMap\BaiduMap\Form1.cs:行号 409
2019-01-04 19:17:29 -> 进入店铺获取用户评论失败：OpenQA.Selenium.StaleElementReferenceException: stale element reference: element is not attached to the page document
  (Session info: chrome=69.0.3497.81)
  (Driver info: chromedriver=2.41.578737 (49da6702b16031c40d63e5618de03a32ff6c197e),platform=Windows NT 10.0.17134 x86_64)
   在 OpenQA.Selenium.Remote.RemoteWebDriver.UnpackAndThrowOnError(Response errorResponse)
   在 OpenQA.Selenium.Remote.RemoteWebDriver.Execute(String driverCommandToExecute, Dictionary`2 parameters)
   在 OpenQA.Selenium.Remote.RemoteWebElement.Execute(String commandToExecute, Dictionary`2 parameters)
   在 OpenQA.Selenium.Remote.RemoteWebElement.GetAttribute(String attributeName)
   在 BaiduMap.Form1.GetComments() 位置 E:\Private\BaiduMap\BaiduMap\Form1.cs:行号 409
2019-01-04 19:17:29 -> 进入店铺获取用户评论失败：OpenQA.Selenium.StaleElementReferenceException: stale element reference: element is not attached to the page document
  (Session info: chrome=69.0.3497.81)
  (Driver info: chromedriver=2.41.578737 (49da6702b16031c40d63e5618de03a32ff6c197e),platform=Windows NT 10.0.17134 x86_64)
   在 OpenQA.Selenium.Remote.RemoteWebDriver.UnpackAndThrowOnError(Response errorResponse)
   在 OpenQA.Selenium.Remote.RemoteWebDriver.Execute(String driverCommandToExecute, Dictionary`2 parameters)
   在 OpenQA.Selenium.Remote.RemoteWebElement.Execute(String commandToExecute, Dictionary`2 parameters)
   在 OpenQA.Selenium.Remote.RemoteWebElement.GetAttribute(String attributeName)
   在 BaiduMap.Form1.GetComments() 位置 E:\Private\BaiduMap\BaiduMap\Form1.cs:行号 409
2019-01-04 19:17:29 -> 进入店铺获取用户评论失败：OpenQA.Selenium.StaleElementReferenceException: stale element reference: element is not attached to the page document
  (Session info: chrome=69.0.3497.81)
  (Driver info: chromedriver=2.41.578737 (49da6702b16031c40d63e5618de03a32ff6c197e),platform=Windows NT 10.0.17134 x86_64)
   在 OpenQA.Selenium.Remote.RemoteWebDriver.UnpackAndThrowOnError(Response errorResponse)
   在 OpenQA.Selenium.Remote.RemoteWebDriver.Execute(String driverCommandToExecute, Dictionary`2 parameters)
   在 OpenQA.Selenium.Remote.RemoteWebElement.Execute(String commandToExecute, Dictionary`2 parameters)
   在 OpenQA.Selenium.Remote.RemoteWebElement.GetAttribute(String attributeName)
   在 BaiduMap.Form1.GetComments() 位置 E:\Private\BaiduMap\BaiduMap\Form1.cs:行号 409
2019-01-04 19:17:29 -> 进入店铺获取用户评论失败：OpenQA.Selenium.StaleElementReferenceException: stale element reference: element is not attached to the page document
  (Session info: chrome=69.0.3497.81)
  (Driver info: chromedriver=2.41.578737 (49da6702b16031c40d63e5618de03a32ff6c197e),platform=Windows NT 10.0.17134 x86_64)
   在 OpenQA.Selenium.Remote.RemoteWebDriver.UnpackAndThrowOnError(Response errorResponse)
   在 OpenQA.Selenium.Remote.RemoteWebDriver.Execute(String driverCommandToExecute, Dictionary`2 parameters)
   在 OpenQA.Selenium.Remote.RemoteWebElement.Execute(String commandToExecute, Dictionary`2 parameters)
   在 OpenQA.Selenium.Remote.RemoteWebElement.GetAttribute(String attributeName)
   在 BaiduMap.Form1.GetComments() 位置 E:\Private\BaiduMap\BaiduMap\Form1.cs:行号 409
2019-01-04 19:17:29 -> 进入店铺获取用户评论失败：OpenQA.Selenium.StaleElementReferenceException: stale element reference: element is not attached to the page document
  (Session info: chrome=69.0.3497.81)
  (Driver info: chromedriver=2.41.578737 (49da6702b16031c40d63e5618de03a32ff6c197e),platform=Windows NT 10.0.17134 x86_64)
   在 OpenQA.Selenium.Remote.RemoteWebDriver.UnpackAndThrowOnError(Response errorResponse)
   在 OpenQA.Selenium.Remote.RemoteWebDriver.Execute(String driverCommandToExecute, Dictionary`2 parameters)
   在 OpenQA.Selenium.Remote.RemoteWebElement.Execute(String commandToExecute, Dictionary`2 parameters)
   在 OpenQA.Selenium.Remote.RemoteWebElement.GetAttribute(String attributeName)
   在 BaiduMap.Form1.GetComments() 位置 E:\Private\BaiduMap\BaiduMap\Form1.cs:行号 409
2019-01-04 19:17:29 -> 进入店铺获取用户评论失败：OpenQA.Selenium.StaleElementReferenceException: stale element reference: element is not attached to the page document
  (Session info: chrome=69.0.3497.81)
  (Driver info: chromedriver=2.41.578737 (49da6702b16031c40d63e5618de03a32ff6c197e),platform=Windows NT 10.0.17134 x86_64)
   在 OpenQA.Selenium.Remote.RemoteWebDriver.UnpackAndThrowOnError(Response errorResponse)
   在 OpenQA.Selenium.Remote.RemoteWebDriver.Execute(String driverCommandToExecute, Dictionary`2 parameters)
   在 OpenQA.Selenium.Remote.RemoteWebElement.Execute(String commandToExecute, Dictionary`2 parameters)
   在 OpenQA.Selenium.Remote.RemoteWebElement.GetAttribute(String attributeName)
   在 BaiduMap.Form1.GetComments() 位置 E:\Private\BaiduMap\BaiduMap\Form1.cs:行号 409
2019-01-04 19:17:30 -> 进入店铺获取用户评论失败：OpenQA.Selenium.StaleElementReferenceException: stale element reference: element is not attached to the page document
  (Session info: chrome=69.0.3497.81)
  (Driver info: chromedriver=2.41.578737 (49da6702b16031c40d63e5618de03a32ff6c197e),platform=Windows NT 10.0.17134 x86_64)
   在 OpenQA.Selenium.Remote.RemoteWebDriver.UnpackAndThrowOnError(Response errorResponse)
   在 OpenQA.Selenium.Remote.RemoteWebDriver.Execute(String driverCommandToExecute, Dictionary`2 parameters)
   在 OpenQA.Selenium.Remote.RemoteWebElement.Execute(String commandToExecute, Dictionary`2 parameters)
   在 OpenQA.Selenium.Remote.RemoteWebElement.GetAttribute(String attributeName)
   在 BaiduMap.Form1.GetComments() 位置 E:\Private\BaiduMap\BaiduMap\Form1.cs:行号 409
2019-01-04 19:17:30 -> 进入店铺获取用户评论失败：OpenQA.Selenium.StaleElementReferenceException: stale element reference: element is not attached to the page document
  (Session info: chrome=69.0.3497.81)
  (Driver info: chromedriver=2.41.578737 (49da6702b16031c40d63e5618de03a32ff6c197e),platform=Windows NT 10.0.17134 x86_64)
   在 OpenQA.Selenium.Remote.RemoteWebDriver.UnpackAndThrowOnError(Response errorResponse)
   在 OpenQA.Selenium.Remote.RemoteWebDriver.Execute(String driverCommandToExecute, Dictionary`2 parameters)
   在 OpenQA.Selenium.Remote.RemoteWebElement.Execute(String commandToExecute, Dictionary`2 parameters)
   在 OpenQA.Selenium.Remote.RemoteWebElement.GetAttribute(String attributeName)
   在 BaiduMap.Form1.GetComments() 位置 E:\Private\BaiduMap\BaiduMap\Form1.cs:行号 409
2019-01-04 19:17:30 -> 进入店铺获取用户评论失败：OpenQA.Selenium.StaleElementReferenceException: stale element reference: element is not attached to the page document
  (Session info: chrome=69.0.3497.81)
  (Driver info: chromedriver=2.41.578737 (49da6702b16031c40d63e5618de03a32ff6c197e),platform=Windows NT 10.0.17134 x86_64)
   在 OpenQA.Selenium.Remote.RemoteWebDriver.UnpackAndThrowOnError(Response errorResponse)
   在 OpenQA.Selenium.Remote.RemoteWebDriver.Execute(String driverCommandToExecute, Dictionary`2 parameters)
   在 OpenQA.Selenium.Remote.RemoteWebElement.Execute(String commandToExecute, Dictionary`2 parameters)
   在 OpenQA.Selenium.Remote.RemoteWebElement.GetAttribute(String attributeName)
   在 BaiduMap.Form1.GetComments() 位置 E:\Private\BaiduMap\BaiduMap\Form1.cs:行号 409
2019-01-04 19:17:30 -> 进入店铺获取用户评论失败：OpenQA.Selenium.StaleElementReferenceException: stale element reference: element is not attached to the page document
  (Session info: chrome=69.0.3497.81)
  (Driver info: chromedriver=2.41.578737 (49da6702b16031c40d63e5618de03a32ff6c197e),platform=Windows NT 10.0.17134 x86_64)
   在 OpenQA.Selenium.Remote.RemoteWebDriver.UnpackAndThrowOnError(Response errorResponse)
   在 OpenQA.Selenium.Remote.RemoteWebDriver.Execute(String driverCommandToExecute, Dictionary`2 parameters)
   在 OpenQA.Selenium.Remote.RemoteWebElement.Execute(String commandToExecute, Dictionary`2 parameters)
   在 OpenQA.Selenium.Remote.RemoteWebElement.GetAttribute(String attributeName)
   在 BaiduMap.Form1.GetComments() 位置 E:\Private\BaiduMap\BaiduMap\Form1.cs:行号 409
2019-01-04 19:17:30 -> 进入店铺获取用户评论失败：OpenQA.Selenium.StaleElementReferenceException: stale element reference: element is not attached to the page document
  (Session info: chrome=69.0.3497.81)
  (Driver info: chromedriver=2.41.578737 (49da6702b16031c40d63e5618de03a32ff6c197e),platform=Windows NT 10.0.17134 x86_64)
   在 OpenQA.Selenium.Remote.RemoteWebDriver.UnpackAndThrowOnError(Response errorResponse)
   在 OpenQA.Selenium.Remote.RemoteWebDriver.Execute(String driverCommandToExecute, Dictionary`2 parameters)
   在 OpenQA.Selenium.Remote.RemoteWebElement.Execute(String commandToExecute, Dictionary`2 parameters)
   在 OpenQA.Selenium.Remote.RemoteWebElement.GetAttribute(String attributeName)
   在 BaiduMap.Form1.GetComments() 位置 E:\Private\BaiduMap\BaiduMap\Form1.cs:行号 409
2019-01-04 19:17:30 -> 进入店铺获取用户评论失败：OpenQA.Selenium.StaleElementReferenceException: stale element reference: element is not attached to the page document
  (Session info: chrome=69.0.3497.81)
  (Driver info: chromedriver=2.41.578737 (49da6702b16031c40d63e5618de03a32ff6c197e),platform=Windows NT 10.0.17134 x86_64)
   在 OpenQA.Selenium.Remote.RemoteWebDriver.UnpackAndThrowOnError(Response errorResponse)
   在 OpenQA.Selenium.Remote.RemoteWebDriver.Execute(String driverCommandToExecute, Dictionary`2 parameters)
   在 OpenQA.Selenium.Remote.RemoteWebElement.Execute(String commandToExecute, Dictionary`2 parameters)
   在 OpenQA.Selenium.Remote.RemoteWebElement.GetAttribute(String attributeName)
   在 BaiduMap.Form1.GetComments() 位置 E:\Private\BaiduMap\BaiduMap\Form1.cs:行号 409
2019-01-04 19:17:30 -> 进入店铺获取用户评论失败：OpenQA.Selenium.StaleElementReferenceException: stale element reference: element is not attached to the page document
  (Session info: chrome=69.0.3497.81)
  (Driver info: chromedriver=2.41.578737 (49da6702b16031c40d63e5618de03a32ff6c197e),platform=Windows NT 10.0.17134 x86_64)
   在 OpenQA.Selenium.Remote.RemoteWebDriver.UnpackAndThrowOnError(Response errorResponse)
   在 OpenQA.Selenium.Remote.RemoteWebDriver.Execute(String driverCommandToExecute, Dictionary`2 parameters)
   在 OpenQA.Selenium.Remote.RemoteWebElement.Execute(String commandToExecute, Dictionary`2 parameters)
   在 OpenQA.Selenium.Remote.RemoteWebElement.GetAttribute(String attributeName)
   在 BaiduMap.Form1.GetComments() 位置 E:\Private\BaiduMap\BaiduMap\Form1.cs:行号 409
2019-01-04 19:17:30 -> 进入店铺获取用户评论失败：OpenQA.Selenium.StaleElementReferenceException: stale element reference: element is not attached to the page document
  (Session info: chrome=69.0.3497.81)
  (Driver info: chromedriver=2.41.578737 (49da6702b16031c40d63e5618de03a32ff6c197e),platform=Windows NT 10.0.17134 x86_64)
   在 OpenQA.Selenium.Remote.RemoteWebDriver.UnpackAndThrowOnError(Response errorResponse)
   在 OpenQA.Selenium.Remote.RemoteWebDriver.Execute(String driverCommandToExecute, Dictionary`2 parameters)
   在 OpenQA.Selenium.Remote.RemoteWebElement.Execute(String commandToExecute, Dictionary`2 parameters)
   在 OpenQA.Selenium.Remote.RemoteWebElement.GetAttribute(String attributeName)
   在 BaiduMap.Form1.GetComments() 位置 E:\Private\BaiduMap\BaiduMap\Form1.cs:行号 409
2019-01-04 19:17:30 -> 进入店铺获取用户评论失败：OpenQA.Selenium.StaleElementReferenceException: stale element reference: element is not attached to the page document
  (Session info: chrome=69.0.3497.81)
  (Driver info: chromedriver=2.41.578737 (49da6702b16031c40d63e5618de03a32ff6c197e),platform=Windows NT 10.0.17134 x86_64)
   在 OpenQA.Selenium.Remote.RemoteWebDriver.UnpackAndThrowOnError(Response errorResponse)
   在 OpenQA.Selenium.Remote.RemoteWebDriver.Execute(String driverCommandToExecute, Dictionary`2 parameters)
   在 OpenQA.Selenium.Remote.RemoteWebElement.Execute(String commandToExecute, Dictionary`2 parameters)
   在 OpenQA.Selenium.Remote.RemoteWebElement.GetAttribute(String attributeName)
   在 BaiduMap.Form1.GetComments() 位置 E:\Private\BaiduMap\BaiduMap\Form1.cs:行号 409
2019-01-04 19:17:30 -> 进入店铺获取用户评论失败：OpenQA.Selenium.StaleElementReferenceException: stale element reference: element is not attached to the page document
  (Session info: chrome=69.0.3497.81)
  (Driver info: chromedriver=2.41.578737 (49da6702b16031c40d63e5618de03a32ff6c197e),platform=Windows NT 10.0.17134 x86_64)
   在 OpenQA.Selenium.Remote.RemoteWebDriver.UnpackAndThrowOnError(Response errorResponse)
   在 OpenQA.Selenium.Remote.RemoteWebDriver.Execute(String driverCommandToExecute, Dictionary`2 parameters)
   在 OpenQA.Selenium.Remote.RemoteWebElement.Execute(String commandToExecute, Dictionary`2 parameters)
   在 OpenQA.Selenium.Remote.RemoteWebElement.GetAttribute(String attributeName)
   在 BaiduMap.Form1.GetComments() 位置 E:\Private\BaiduMap\BaiduMap\Form1.cs:行号 409
2019-01-04 19:17:30 -> 进入店铺获取用户评论失败：OpenQA.Selenium.StaleElementReferenceException: stale element reference: element is not attached to the page document
  (Session info: chrome=69.0.3497.81)
  (Driver info: chromedriver=2.41.578737 (49da6702b16031c40d63e5618de03a32ff6c197e),platform=Windows NT 10.0.17134 x86_64)
   在 OpenQA.Selenium.Remote.RemoteWebDriver.UnpackAndThrowOnError(Response errorResponse)
   在 OpenQA.Selenium.Remote.RemoteWebDriver.Execute(String driverCommandToExecute, Dictionary`2 parameters)
   在 OpenQA.Selenium.Remote.RemoteWebElement.Execute(String commandToExecute, Dictionary`2 parameters)
   在 OpenQA.Selenium.Remote.RemoteWebElement.GetAttribute(String attributeName)
   在 BaiduMap.Form1.GetComments() 位置 E:\Private\BaiduMap\BaiduMap\Form1.cs:行号 409
2019-01-04 19:17:30 -> 进入店铺获取用户评论失败：OpenQA.Selenium.StaleElementReferenceException: stale element reference: element is not attached to the page document
  (Session info: chrome=69.0.3497.81)
  (Driver info: chromedriver=2.41.578737 (49da6702b16031c40d63e5618de03a32ff6c197e),platform=Windows NT 10.0.17134 x86_64)
   在 OpenQA.Selenium.Remote.RemoteWebDriver.UnpackAndThrowOnError(Response errorResponse)
   在 OpenQA.Selenium.Remote.RemoteWebDriver.Execute(String driverCommandToExecute, Dictionary`2 parameters)
   在 OpenQA.Selenium.Remote.RemoteWebElement.Execute(String commandToExecute, Dictionary`2 parameters)
   在 OpenQA.Selenium.Remote.RemoteWebElement.GetAttribute(String attributeName)
   在 BaiduMap.Form1.GetComments() 位置 E:\Private\BaiduMap\BaiduMap\Form1.cs:行号 409
2019-01-04 19:17:30 -> 进入店铺获取用户评论失败：OpenQA.Selenium.StaleElementReferenceException: stale element reference: element is not attached to the page document
  (Session info: chrome=69.0.3497.81)
  (Driver info: chromedriver=2.41.578737 (49da6702b16031c40d63e5618de03a32ff6c197e),platform=Windows NT 10.0.17134 x86_64)
   在 OpenQA.Selenium.Remote.RemoteWebDriver.UnpackAndThrowOnError(Response errorResponse)
   在 OpenQA.Selenium.Remote.RemoteWebDriver.Execute(String driverCommandToExecute, Dictionary`2 parameters)
   在 OpenQA.Selenium.Remote.RemoteWebElement.Execute(String commandToExecute, Dictionary`2 parameters)
   在 OpenQA.Selenium.Remote.RemoteWebElement.GetAttribute(String attributeName)
   在 BaiduMap.Form1.GetComments() 位置 E:\Private\BaiduMap\BaiduMap\Form1.cs:行号 409
2019-01-04 19:17:30 -> 进入店铺获取用户评论失败：OpenQA.Selenium.StaleElementReferenceException: stale element reference: element is not attached to the page document
  (Session info: chrome=69.0.3497.81)
  (Driver info: chromedriver=2.41.578737 (49da6702b16031c40d63e5618de03a32ff6c197e),platform=Windows NT 10.0.17134 x86_64)
   在 OpenQA.Selenium.Remote.RemoteWebDriver.UnpackAndThrowOnError(Response errorResponse)
   在 OpenQA.Selenium.Remote.RemoteWebDriver.Execute(String driverCommandToExecute, Dictionary`2 parameters)
   在 OpenQA.Selenium.Remote.RemoteWebElement.Execute(String commandToExecute, Dictionary`2 parameters)
   在 OpenQA.Selenium.Remote.RemoteWebElement.GetAttribute(String attributeName)
   在 BaiduMap.Form1.GetComments() 位置 E:\Private\BaiduMap\BaiduMap\Form1.cs:行号 409
2019-01-04 19:17:30 -> 进入店铺获取用户评论失败：OpenQA.Selenium.StaleElementReferenceException: stale element reference: element is not attached to the page document
  (Session info: chrome=69.0.3497.81)
  (Driver info: chromedriver=2.41.578737 (49da6702b16031c40d63e5618de03a32ff6c197e),platform=Windows NT 10.0.17134 x86_64)
   在 OpenQA.Selenium.Remote.RemoteWebDriver.UnpackAndThrowOnError(Response errorResponse)
   在 OpenQA.Selenium.Remote.RemoteWebDriver.Execute(String driverCommandToExecute, Dictionary`2 parameters)
   在 OpenQA.Selenium.Remote.RemoteWebElement.Execute(String commandToExecute, Dictionary`2 parameters)
   在 OpenQA.Selenium.Remote.RemoteWebElement.GetAttribute(String attributeName)
   在 BaiduMap.Form1.GetComments() 位置 E:\Private\BaiduMap\BaiduMap\Form1.cs:行号 409
2019-01-04 19:17:30 -> 进入店铺获取用户评论失败：OpenQA.Selenium.StaleElementReferenceException: stale element reference: element is not attached to the page document
  (Session info: chrome=69.0.3497.81)
  (Driver info: chromedriver=2.41.578737 (49da6702b16031c40d63e5618de03a32ff6c197e),platform=Windows NT 10.0.17134 x86_64)
   在 OpenQA.Selenium.Remote.RemoteWebDriver.UnpackAndThrowOnError(Response errorResponse)
   在 OpenQA.Selenium.Remote.RemoteWebDriver.Execute(String driverCommandToExecute, Dictionary`2 parameters)
   在 OpenQA.Selenium.Remote.RemoteWebElement.Execute(String commandToExecute, Dictionary`2 parameters)
   在 OpenQA.Selenium.Remote.RemoteWebElement.GetAttribute(String attributeName)
   在 BaiduMap.Form1.GetComments() 位置 E:\Private\BaiduMap\BaiduMap\Form1.cs:行号 409
2019-01-04 19:17:30 -> 进入店铺获取用户评论失败：OpenQA.Selenium.StaleElementReferenceException: stale element reference: element is not attached to the page document
  (Session info: chrome=69.0.3497.81)
  (Driver info: chromedriver=2.41.578737 (49da6702b16031c40d63e5618de03a32ff6c197e),platform=Windows NT 10.0.17134 x86_64)
   在 OpenQA.Selenium.Remote.RemoteWebDriver.UnpackAndThrowOnError(Response errorResponse)
   在 OpenQA.Selenium.Remote.RemoteWebDriver.Execute(String driverCommandToExecute, Dictionary`2 parameters)
   在 OpenQA.Selenium.Remote.RemoteWebElement.Execute(String commandToExecute, Dictionary`2 parameters)
   在 OpenQA.Selenium.Remote.RemoteWebElement.GetAttribute(String attributeName)
   在 BaiduMap.Form1.GetComments() 位置 E:\Private\BaiduMap\BaiduMap\Form1.cs:行号 409
2019-01-04 19:23:57 -> 进入店铺获取用户评论失败：OpenQA.Selenium.StaleElementReferenceException: stale element reference: element is not attached to the page document
  (Session info: chrome=69.0.3497.81)
  (Driver info: chromedriver=2.41.578737 (49da6702b16031c40d63e5618de03a32ff6c197e),platform=Windows NT 10.0.17134 x86_64)
   在 OpenQA.Selenium.Remote.RemoteWebDriver.UnpackAndThrowOnError(Response errorResponse)
   在 OpenQA.Selenium.Remote.RemoteWebDriver.Execute(String driverCommandToExecute, Dictionary`2 parameters)
   在 OpenQA.Selenium.Remote.RemoteWebElement.Execute(String commandToExecute, Dictionary`2 parameters)
   在 OpenQA.Selenium.Remote.RemoteWebElement.GetAttribute(String attributeName)
   在 BaiduMap.Form1.GetComments() 位置 E:\Private\BaiduMap\BaiduMap\Form1.cs:行号 409
2019-01-04 19:23:59 -> 进入店铺获取用户评论失败：OpenQA.Selenium.StaleElementReferenceException: stale element reference: element is not attached to the page document
  (Session info: chrome=69.0.3497.81)
  (Driver info: chromedriver=2.41.578737 (49da6702b16031c40d63e5618de03a32ff6c197e),platform=Windows NT 10.0.17134 x86_64)
   在 OpenQA.Selenium.Remote.RemoteWebDriver.UnpackAndThrowOnError(Response errorResponse)
   在 OpenQA.Selenium.Remote.RemoteWebDriver.Execute(String driverCommandToExecute, Dictionary`2 parameters)
   在 OpenQA.Selenium.Remote.RemoteWebElement.Execute(String commandToExecute, Dictionary`2 parameters)
   在 OpenQA.Selenium.Remote.RemoteWebElement.GetAttribute(String attributeName)
   在 BaiduMap.Form1.GetComments() 位置 E:\Private\BaiduMap\BaiduMap\Form1.cs:行号 409
2019-01-04 19:23:59 -> 进入店铺获取用户评论失败：OpenQA.Selenium.StaleElementReferenceException: stale element reference: element is not attached to the page document
  (Session info: chrome=69.0.3497.81)
  (Driver info: chromedriver=2.41.578737 (49da6702b16031c40d63e5618de03a32ff6c197e),platform=Windows NT 10.0.17134 x86_64)
   在 OpenQA.Selenium.Remote.RemoteWebDriver.UnpackAndThrowOnError(Response errorResponse)
   在 OpenQA.Selenium.Remote.RemoteWebDriver.Execute(String driverCommandToExecute, Dictionary`2 parameters)
   在 OpenQA.Selenium.Remote.RemoteWebElement.Execute(String commandToExecute, Dictionary`2 parameters)
   在 OpenQA.Selenium.Remote.RemoteWebElement.GetAttribute(String attributeName)
   在 BaiduMap.Form1.GetComments() 位置 E:\Private\BaiduMap\BaiduMap\Form1.cs:行号 409
2019-01-04 19:24:16 -> 进入店铺获取用户评论失败：OpenQA.Selenium.StaleElementReferenceException: stale element reference: element is not attached to the page document
  (Session info: chrome=69.0.3497.81)
  (Driver info: chromedriver=2.41.578737 (49da6702b16031c40d63e5618de03a32ff6c197e),platform=Windows NT 10.0.17134 x86_64)
   在 OpenQA.Selenium.Remote.RemoteWebDriver.UnpackAndThrowOnError(Response errorResponse)
   在 OpenQA.Selenium.Remote.RemoteWebDriver.Execute(String driverCommandToExecute, Dictionary`2 parameters)
   在 OpenQA.Selenium.Remote.RemoteWebElement.Execute(String commandToExecute, Dictionary`2 parameters)
   在 OpenQA.Selenium.Remote.RemoteWebElement.GetAttribute(String attributeName)
   在 BaiduMap.Form1.GetComments() 位置 E:\Private\BaiduMap\BaiduMap\Form1.cs:行号 409
2019-01-04 19:24:32 -> 进入店铺获取用户评论失败：OpenQA.Selenium.StaleElementReferenceException: stale element reference: element is not attached to the page document
  (Session info: chrome=69.0.3497.81)
  (Driver info: chromedriver=2.41.578737 (49da6702b16031c40d63e5618de03a32ff6c197e),platform=Windows NT 10.0.17134 x86_64)
   在 OpenQA.Selenium.Remote.RemoteWebDriver.UnpackAndThrowOnError(Response errorResponse)
   在 OpenQA.Selenium.Remote.RemoteWebDriver.Execute(String driverCommandToExecute, Dictionary`2 parameters)
   在 OpenQA.Selenium.Remote.RemoteWebElement.Execute(String commandToExecute, Dictionary`2 parameters)
   在 OpenQA.Selenium.Remote.RemoteWebElement.GetAttribute(String attributeName)
   在 BaiduMap.Form1.GetComments() 位置 E:\Private\BaiduMap\BaiduMap\Form1.cs:行号 409
2019-01-04 20:43:22 -> 进入店铺获取用户评论失败：OpenQA.Selenium.WebDriverException: A exception with a null response was thrown sending an HTTP request to the remote WebDriver server for URL http://localhost:57849/session/400ddaeedd0070618b8e1359ffb95f7c/element/0.5107853777744871-9/click. The status of the exception was ReceiveFailure, and the message was: 基础连接已经关闭: 接收时发生错误。 ---> System.Net.WebException: 基础连接已经关闭: 接收时发生错误。 ---> System.IO.IOException: 无法从传输连接中读取数据: 远程主机强迫关闭了一个现有的连接。。 ---> System.Net.Sockets.SocketException: 远程主机强迫关闭了一个现有的连接。
   在 System.Net.Sockets.NetworkStream.Read(Byte[] buffer, Int32 offset, Int32 size)
   --- 内部异常堆栈跟踪的结尾 ---
   在 System.Net.Sockets.NetworkStream.Read(Byte[] buffer, Int32 offset, Int32 size)
   在 System.Net.PooledStream.Read(Byte[] buffer, Int32 offset, Int32 size)
   在 System.Net.Connection.SyncRead(HttpWebRequest request, Boolean userRetrievedStream, Boolean probeRead)
   --- 内部异常堆栈跟踪的结尾 ---
   在 System.Net.HttpWebRequest.GetResponse()
   在 OpenQA.Selenium.Remote.HttpCommandExecutor.MakeHttpRequest(HttpRequestInfo requestInfo)
   --- 内部异常堆栈跟踪的结尾 ---
   在 OpenQA.Selenium.Remote.HttpCommandExecutor.MakeHttpRequest(HttpRequestInfo requestInfo)
   在 OpenQA.Selenium.Remote.HttpCommandExecutor.Execute(Command commandToExecute)
   在 OpenQA.Selenium.Remote.DriverServiceCommandExecutor.Execute(Command commandToExecute)
   在 OpenQA.Selenium.Remote.RemoteWebDriver.Execute(String driverCommandToExecute, Dictionary`2 parameters)
   在 OpenQA.Selenium.Remote.RemoteWebElement.Execute(String commandToExecute, Dictionary`2 parameters)
   在 BaiduMap.Form1.GetComments() 位置 E:\Private\BaiduMap\BaiduMap\Form1.cs:行号 452
2019-01-04 22:55:34 -> System.ArgumentNullException: 值不能为 null。
参数名: source
   在 System.Linq.Enumerable.ToList[TSource](IEnumerable`1 source)
   在 BaiduMap.Form1.StartWork() 位置 E:\Private\BaiduMap\BaiduMap\Form1.cs:行号 323
2019-01-04 23:05:55 -> OpenQA.Selenium.WebDriverException: unknown error: ChromeDriver only supports characters in the BMP
  (Session info: chrome=69.0.3497.81)
  (Driver info: chromedriver=2.41.578737 (49da6702b16031c40d63e5618de03a32ff6c197e),platform=Windows NT 10.0.17134 x86_64)
   在 OpenQA.Selenium.Remote.RemoteWebDriver.UnpackAndThrowOnError(Response errorResponse)
   在 OpenQA.Selenium.Remote.RemoteWebDriver.Execute(String driverCommandToExecute, Dictionary`2 parameters)
   在 OpenQA.Selenium.Remote.RemoteWebElement.Execute(String commandToExecute, Dictionary`2 parameters)
   在 BaiduMap.Form1.StartWork() 位置 E:\Private\BaiduMap\BaiduMap\Form1.cs:行号 331
2019-01-04 23:07:58 -> System.ArgumentOutOfRangeException: 索引超出范围。必须为非负值并小于集合大小。
参数名: index
   在 System.ThrowHelper.ThrowArgumentOutOfRangeException(ExceptionArgument argument, ExceptionResource resource)
   在 System.Collections.Generic.List`1.get_Item(Int32 index)
   在 BaiduMap.Form1.StartWork() 位置 E:\Private\BaiduMap\BaiduMap\Form1.cs:行号 242
2019-01-04 23:08:13 -> System.ArgumentOutOfRangeException: 索引超出范围。必须为非负值并小于集合大小。
参数名: index
   在 System.ThrowHelper.ThrowArgumentOutOfRangeException(ExceptionArgument argument, ExceptionResource resource)
   在 System.Collections.Generic.List`1.get_Item(Int32 index)
   在 BaiduMap.Form1.StartWork() 位置 E:\Private\BaiduMap\BaiduMap\Form1.cs:行号 242
